<?xml version="1.0" encoding="UTF-8"?>
<Site BuildName="(empty)"
	BuildStamp="20200417-2355-Experimental"
	Name="(empty)"
	Generator="ctest-3.15.5"
	CompilerName=""
	CompilerVersion=""
	OSName="Mac OS X"
	Hostname="Aravindhs-MacBook-Pro.local"
	OSRelease="10.15.4"
	OSVersion="19E287"
	OSPlatform="x86_64"
	Is64Bits="1"
	VendorString="GenuineIntel"
	VendorID="Intel Corporation"
	FamilyID="6"
	ModelID="142"
	ProcessorCacheSize="32768"
	NumberOfLogicalCPU="4"
	NumberOfPhysicalCPU="2"
	TotalVirtualMemory="2048"
	TotalPhysicalMemory="8192"
	LogicalProcessorsPerPhysical="8"
	ProcessorClockFrequency="2300"
	>
	<Testing>
		<StartDateTime>Apr 17 16:59 PDT</StartDateTime>
		<StartTestTime>1587167995</StartTestTime>
		<TestList>
			<Test>./test/ExampleTests</Test>
		</TestList>
		<Test Status="passed">
			<Name>ExampleTests</Name>
			<Path>./test</Path>
			<FullName>./test/ExampleTests</FullName>
			<FullCommandLine>/Users/aravindh/C++_Coding/Example/build/test/ExampleTests</FullCommandLine>
			<Results>
				<NamedMeasurement type="numeric/double" name="Execution Time">
					<Value>0.00560715</Value>
				</NamedMeasurement>
				<NamedMeasurement type="numeric/double" name="Processors">
					<Value>1</Value>
				</NamedMeasurement>
				<NamedMeasurement type="text/string" name="Completion Status">
					<Value>Completed</Value>
				</NamedMeasurement>
				<NamedMeasurement type="text/string" name="Command Line">
					<Value>/Users/aravindh/C++_Coding/Example/build/test/ExampleTests</Value>
				</NamedMeasurement>
				<Measurement>
					<Value encoding="base64" compression="gzip">eJyNUMFqwzAMvecrdGwosbcP2GG0pYfRbqTrKYTiJWpmsKViO90+f/EcSjMY5J0e0pOe9MqeSFMHVmla5HB2bEEePTovlVNXTe2nXC2XpxW3g0xuvpW9GJQdc2cwoA/31LtGdpGd4jrRNFn1dEMN5ej1CFGTvEbuex1QZFVxQw1bwx/KpD7SVTsmizRoMRT95Y/4fud45PtQ8FkF5XEPv6gnHbFGy+SDUwG3sbJTjeM4kPD6Mm8AFg9gfT7vnCSGwEGZPJv3b0Dlipa/aJrmfymCUySmPsNLb8+Hw2YdM0hakf0AXm2jVA==</Value>
				</Measurement>
			</Results>
		</Test>
		<EndDateTime>Apr 17 16:59 PDT</EndDateTime>
		<EndTestTime>1587167995</EndTestTime>
		<ElapsedMinutes>0</ElapsedMinutes>
	</Testing>
</Site>
