<?xml version="1.0" encoding="UTF-8"?>
<Site BuildName="(empty)"
	BuildStamp="20200418-0250-Experimental"
	Name="(empty)"
	Generator="ctest-3.15.5"
	CompilerName=""
	CompilerVersion=""
	OSName="Mac OS X"
	Hostname="Aravindhs-MacBook-Pro.local"
	OSRelease="10.15.4"
	OSVersion="19E287"
	OSPlatform="x86_64"
	Is64Bits="1"
	VendorString="GenuineIntel"
	VendorID="Intel Corporation"
	FamilyID="6"
	ModelID="142"
	ProcessorCacheSize="32768"
	NumberOfLogicalCPU="4"
	NumberOfPhysicalCPU="2"
	TotalVirtualMemory="2048"
	TotalPhysicalMemory="8192"
	LogicalProcessorsPerPhysical="8"
	ProcessorClockFrequency="2300"
	>
	<Testing>
		<StartDateTime>Apr 17 19:50 PDT</StartDateTime>
		<StartTestTime>1587178242</StartTestTime>
		<TestList>
			<Test>./test/BankTests</Test>
		</TestList>
		<Test Status="failed">
			<Name>BankTests</Name>
			<Path>./test</Path>
			<FullName>./test/BankTests</FullName>
			<FullCommandLine>/Users/aravindh/C++_Coding/Banking_Project/build/test/BankTests</FullCommandLine>
			<Results>
				<NamedMeasurement type="text/string" name="Exit Code">
					<Value>Failed</Value>
				</NamedMeasurement>
				<NamedMeasurement type="text/string" name="Exit Value">
					<Value>1</Value>
				</NamedMeasurement>
				<NamedMeasurement type="numeric/double" name="Execution Time">
					<Value>0.489573</Value>
				</NamedMeasurement>
				<NamedMeasurement type="numeric/double" name="Processors">
					<Value>1</Value>
				</NamedMeasurement>
				<NamedMeasurement type="text/string" name="Completion Status">
					<Value>Completed</Value>
				</NamedMeasurement>
				<NamedMeasurement type="text/string" name="Command Line">
					<Value>/Users/aravindh/C++_Coding/Banking_Project/build/test/BankTests</Value>
				</NamedMeasurement>
				<Measurement>
					<Value encoding="base64" compression="gzip">eJzFUk1PAjEQvfdXzFGC7GLUyyYeEBZioobw4WVDyNAd1mq33bRd4OfbZZG4JiagB+fS6fT1vbyZmZRKCZVBjkJdtGBtdA7h3JKxIRrcCJW+hv12e9nXqYeF96je/bkcG/1G3IWZ1pkkR7aRWsPDrMqWFW3AOUvujrGAyUHzCipMrXnIbSkcBSzpHGMBI6lXKOt3UhthtMpJeSy5Tll8A3/ljHeYF5JmvmBZApP5M+xj0XgJBpRrZZ1BR6Oq8oTcaMvO6MLedFWsCXlRRNcRDFHI0hB7QVkS6HUEa5SWGECPuxLl5z3eFZ6E0gicKemPujf/pHv7a90EYNh7eIwHJw4GLrqQ29ZpY6/B4LRD2WKn7ZUjNJ1Ub1Vza3/aVjCogqaOtzTuTae1pe4ea4Om0ZrhEqSwvhWwIqm30dm9YMwTHX7M4umMfQAwj0O9====</Value>
				</Measurement>
			</Results>
		</Test>
		<EndDateTime>Apr 17 19:50 PDT</EndDateTime>
		<EndTestTime>1587178242</EndTestTime>
		<ElapsedMinutes>0</ElapsedMinutes>
	</Testing>
</Site>
