<?xml version="1.0" encoding="UTF-8"?>
<Site BuildName="(empty)"
	BuildStamp="20200418-0250-Experimental"
	Name="(empty)"
	Generator="ctest-3.15.5"
	CompilerName=""
	CompilerVersion=""
	OSName="Mac OS X"
	Hostname="Aravindhs-MacBook-Pro.local"
	OSRelease="10.15.4"
	OSVersion="19E287"
	OSPlatform="x86_64"
	Is64Bits="1"
	VendorString="GenuineIntel"
	VendorID="Intel Corporation"
	FamilyID="6"
	ModelID="142"
	ProcessorCacheSize="32768"
	NumberOfLogicalCPU="4"
	NumberOfPhysicalCPU="2"
	TotalVirtualMemory="2048"
	TotalPhysicalMemory="8192"
	LogicalProcessorsPerPhysical="8"
	ProcessorClockFrequency="2300"
	>
	<Testing>
		<StartDateTime>Apr 18 15:07 PDT</StartDateTime>
		<StartTestTime>1587247631</StartTestTime>
		<TestList>
			<Test>./test/BankTests</Test>
		</TestList>
		<Test Status="failed">
			<Name>BankTests</Name>
			<Path>./test</Path>
			<FullName>./test/BankTests</FullName>
			<FullCommandLine>/Users/aravindh/C++_Coding/Banking_Project/build/test/BankTests</FullCommandLine>
			<Results>
				<NamedMeasurement type="text/string" name="Exit Code">
					<Value>Failed</Value>
				</NamedMeasurement>
				<NamedMeasurement type="text/string" name="Exit Value">
					<Value>1</Value>
				</NamedMeasurement>
				<NamedMeasurement type="numeric/double" name="Execution Time">
					<Value>0.280971</Value>
				</NamedMeasurement>
				<NamedMeasurement type="numeric/double" name="Processors">
					<Value>1</Value>
				</NamedMeasurement>
				<NamedMeasurement type="text/string" name="Completion Status">
					<Value>Completed</Value>
				</NamedMeasurement>
				<NamedMeasurement type="text/string" name="Command Line">
					<Value>/Users/aravindh/C++_Coding/Banking_Project/build/test/BankTests</Value>
				</NamedMeasurement>
				<Measurement>
					<Value encoding="base64" compression="gzip">eJzFUk1vwjAMvedX+AhitOzrUmkHBgVN2ibExy4VQiY1Xbc0qZIU+PlLKSA6aRJsh/kSx3l5T8/2uJAylQlkmMpGE1ZaZeDPDGnjo8Z1KuN3v9dqLXoqdjD/EeWnOxcjrT6IWz9RKhFkydRSo7mflNmipPU4Z9HDMeYw3mteQ4mpNPe5KVJLHovax5jDUKgliuqd5DrVSmYkHZZsu8i/gU85wy1muaCpKxgWwXj2CruY1168PmVKGqvR0rCsvCDXyrALurAzXRYrQp7nwW0AA0xFoYm9oSgI1CqAFQpDDKDLbYHicA+3uSOhOACrC/qj7t0/6d7/WjcCGHSfnsP+mYOBRgcy0zxv7BUYrLIomuy8vbKEuh2rjaxv7U/bChqlB42bEx1nadSdTCpLnR3WeHWjFcMViNS4VsCShNoEF/eCMUe0/zENJ1P2BTGbQ78=</Value>
				</Measurement>
			</Results>
		</Test>
		<EndDateTime>Apr 18 15:07 PDT</EndDateTime>
		<EndTestTime>1587247631</EndTestTime>
		<ElapsedMinutes>0</ElapsedMinutes>
	</Testing>
</Site>
