Start testing: Apr 17 19:50 PDT
----------------------------------------------------------
1/1 Testing: BankTests
1/1 Test: BankTests
Command: "/Users/aravindh/C++_Coding/Banking_Project/build/test/BankTests"
Directory: /Users/aravindh/C++_Coding/Banking_Project/build/test
"BankTests" start time: Apr 17 19:50 PDT
Output:
----------------------------------------------------------
Running main() from /Users/aravindh/C++_Coding/Banking_Project/googletest/googletest/src/gtest_main.cc
[==========] Running 1 test from 1 test suite.
[----------] Global test environment set-up.
[----------] 1 test from ExampleTests
[ RUN      ] ExampleTests.DemonstrateGTestMacros
/Users/aravindh/C++_Coding/Banking_Project/test/BankTests.cpp:3: Failure
Value of: false
  Actual: false
Expected: true
/Users/aravindh/C++_Coding/Banking_Project/test/BankTests.cpp:4: Failure
Value of: false
  Actual: false
Expected: true
/Users/aravindh/C++_Coding/Banking_Project/test/BankTests.cpp:5: Failure
Value of: false
  Actual: false
Expected: true
[  FAILED  ] ExampleTests.DemonstrateGTestMacros (0 ms)
[----------] 1 test from ExampleTests (0 ms total)

[----------] Global test environment tear-down
[==========] 1 test from 1 test suite ran. (0 ms total)
[  PASSED  ] 0 tests.
[  FAILED  ] 1 test, listed below:
[  FAILED  ] ExampleTests.DemonstrateGTestMacros

 1 FAILED TEST
<end of output>
Test time =   0.49 sec
----------------------------------------------------------
Test Failed.
"BankTests" end time: Apr 17 19:50 PDT
"BankTests" time elapsed: 00:00:00
----------------------------------------------------------

End testing: Apr 17 19:50 PDT
