Start testing: Apr 17 16:59 PDT
----------------------------------------------------------
1/1 Testing: ExampleTests
1/1 Test: ExampleTests
Command: "/Users/aravindh/C++_Coding/Example/build/test/ExampleTests"
Directory: /Users/aravindh/C++_Coding/Example/build/test
"ExampleTests" start time: Apr 17 16:59 PDT
Output:
----------------------------------------------------------
Running main() from /Users/aravindh/C++_Coding/Example/googletest/googletest/src/gtest_main.cc
[==========] Running 1 test from 1 test suite.
[----------] Global test environment set-up.
[----------] 1 test from ExampleTests
[ RUN      ] ExampleTests.DemonstrateGTestMacros
[       OK ] ExampleTests.DemonstrateGTestMacros (0 ms)
[----------] 1 test from ExampleTests (0 ms total)

[----------] Global test environment tear-down
[==========] 1 test from 1 test suite ran. (0 ms total)
[  PASSED  ] 1 test.
<end of output>
Test time =   0.01 sec
----------------------------------------------------------
Test Passed.
"ExampleTests" end time: Apr 17 16:59 PDT
"ExampleTests" time elapsed: 00:00:00
----------------------------------------------------------

End testing: Apr 17 16:59 PDT
